# RNA-2Di
# Background (precomputed optional): 0.0620058 0.0761129 0.0611716 0.0535114 0.0592865 0.0534739 0.0734753 0.057648 0.0621818 0.0638177 0.0647284 0.0599396 0.064975 0.0644801 0.0447236 0.0784683 0.0000001 0.0000001 0.0000001 0.0000001 0.0000001
# Lambda     (precomputed optional): 0.346573
   A       C       D       E       F       G       H       I       K       L       M       N       P       Q       R       S       T       V       W       Y       X
A  5.5181 -4.2804 -4.5079 -4.7603 -1.4070  1.1621 -4.5374  1.3809 -3.6785 -4.1776 -1.2729 -0.6312 -1.4899 -1.7389 -3.8895 -3.1957 -1.0000 -1.0000 -1.0000 -1.0000 -1.0000
C -4.2804  5.4713 -0.8144  0.2772 -4.9516 -0.7130 -2.9028 -3.1351 -3.6846  0.5745  0.2247 -3.3558 -3.1629  0.3879 -3.7140 -1.8454 -1.0000 -1.0000 -1.0000 -1.0000 -1.0000
D -4.5079 -0.8144  5.7435  1.0496 -1.5056 -3.4806 -1.6113 -3.9888 -0.2544 -3.6084 -1.9423 -2.4215 -4.2290 -2.8001  1.1361 -1.8450 -1.0000 -1.0000 -1.0000 -1.0000 -1.0000
E -4.7603  0.2772  1.0496  6.0116 -3.7396 -2.9373  0.7151 -3.0717 -2.1857 -2.6712 -1.0863 -0.9403 -3.9747 -1.3817 -1.9456  0.4365 -1.0000 -1.0000 -1.0000 -1.0000 -1.0000
F -1.4070 -4.9516 -1.5056 -3.7396  5.8811 -1.2923 -3.7707 -4.0038  0.9261 -5.5558 -5.3951  1.1887 -4.9863 -3.6632 -0.6689 -2.0648 -1.0000 -1.0000 -1.0000 -1.0000 -1.0000
G  1.1621 -0.7130 -3.4806 -2.9373 -1.2923  5.8883 -4.0726 -1.5985 -3.1246 -1.7169 -3.1727 -0.0454 -4.2660  1.2452 -4.0245 -2.3513 -1.0000 -1.0000 -1.0000 -1.0000 -1.0000
H -4.5374 -2.9028 -1.6113  0.7151 -3.7707 -4.0726  5.6610 -3.6984 -2.8383 -0.6486 -3.3058 -1.6131 -1.7006 -2.8513  1.2448 -0.6474 -1.0000 -1.0000 -1.0000 -1.0000 -1.0000
I  1.3809 -3.1351 -3.9888 -3.0717 -4.0038 -1.5985 -3.6984  5.7847 -1.7448 -3.4271 -0.3530 -2.7001 -1.2746  0.9445 -3.7145 -0.8578 -1.0000 -1.0000 -1.0000 -1.0000 -1.0000
K -3.6785 -3.6846 -0.2544 -2.1857  0.9261 -3.1246 -2.8383 -1.7448  5.9381 -4.6094 -4.3423 -0.9102 -4.9572 -1.0632 -0.6920  1.1772 -1.0000 -1.0000 -1.0000 -1.0000 -1.0000
L -4.1776  0.5745 -3.6084 -2.6712 -5.5558 -1.7169 -0.6486 -3.4271 -4.6094  5.9166 -1.9737 -4.4803  0.4343 -0.9257 -1.4025 -3.3921 -1.0000 -1.0000 -1.0000 -1.0000 -1.0000
M -1.2729  0.2247 -1.9423 -1.0863 -5.3951 -3.1727 -3.3058 -0.3530 -4.3423 -1.9737  5.8875 -4.3150  0.8883 -2.4892 -3.6073 -3.1218 -1.0000 -1.0000 -1.0000 -1.0000 -1.0000
N -0.6312 -3.3558 -2.4215 -0.9403  1.1887 -0.0454 -1.6131 -2.7001 -0.9102 -4.4803 -4.3150  5.6470 -5.1512 -2.1147 -2.4344  1.0037 -1.0000 -1.0000 -1.0000 -1.0000 -1.0000
P -1.4899 -3.1629 -4.2290 -3.9747 -4.9863 -4.2660 -1.7006 -1.2746 -4.9572  0.4343  0.8883 -5.1512  5.7362 -3.7642 -0.8280 -4.4770 -1.0000 -1.0000 -1.0000 -1.0000 -1.0000
Q -1.7389  0.3879 -2.8001 -1.3817 -3.6632  1.2452 -2.8513  0.9445 -1.0632 -0.9257 -2.4892 -2.1147 -3.7642  5.5131 -3.8413  0.3161 -1.0000 -1.0000 -1.0000 -1.0000 -1.0000
R -3.8895 -3.7140  1.1361 -1.9456 -0.6689 -4.0245  1.2448 -3.7145 -0.6920 -1.4025 -3.6073 -2.4344 -0.8280 -3.8413  5.7590 -2.5794 -1.0000 -1.0000 -1.0000 -1.0000 -1.0000
S -3.1957 -1.8454 -1.8450  0.4365 -2.0648 -2.3513 -0.6474 -0.8578  1.1772 -3.3921 -3.1218  1.0037 -4.4770  0.3161 -2.5794  5.3585 -1.0000 -1.0000 -1.0000 -1.0000 -1.0000
T -1.0000 -1.0000 -1.0000 -1.0000 -1.0000 -1.0000 -1.0000 -1.0000 -1.0000 -1.0000 -1.0000 -1.0000 -1.0000 -1.0000 -1.0000 -1.0000 -1.0000 -1.0000 -1.0000 -1.0000 -1.0000
V -1.0000 -1.0000 -1.0000 -1.0000 -1.0000 -1.0000 -1.0000 -1.0000 -1.0000 -1.0000 -1.0000 -1.0000 -1.0000 -1.0000 -1.0000 -1.0000 -1.0000 -1.0000 -1.0000 -1.0000 -1.0000
W -1.0000 -1.0000 -1.0000 -1.0000 -1.0000 -1.0000 -1.0000 -1.0000 -1.0000 -1.0000 -1.0000 -1.0000 -1.0000 -1.0000 -1.0000 -1.0000 -1.0000 -1.0000 -1.0000 -1.0000 -1.0000
Y -1.0000 -1.0000 -1.0000 -1.0000 -1.0000 -1.0000 -1.0000 -1.0000 -1.0000 -1.0000 -1.0000 -1.0000 -1.0000 -1.0000 -1.0000 -1.0000 -1.0000 -1.0000 -1.0000 -1.0000 -1.0000
X -1.0000 -1.0000 -1.0000 -1.0000 -1.0000 -1.0000 -1.0000 -1.0000 -1.0000 -1.0000 -1.0000 -1.0000 -1.0000 -1.0000 -1.0000 -1.0000 -1.0000 -1.0000 -1.0000 -1.0000 -1.0000
